INFO:     Started server process [19583]
INFO:     Waiting for application startup.
INFO:     Application startup complete.
INFO:     Uvicorn running on http://0.0.0.0:8000 (Press CTRL+C to quit)
INFO:     127.0.0.1:39868 - "POST /reset HTTP/1.1" 200 OK
INFO:     127.0.0.1:37640 - "POST /step HTTP/1.1" 500 Internal Server Error
ERROR:    Exception in ASGI application
Traceback (most recent call last):
  File "/home/dharmveer/Downloads/my project/venv/lib/python3.12/site-packages/uvicorn/protocols/http/h11_impl.py", line 415, in run_asgi
    result = await app(  # type: ignore[func-returns-value]
             ^^^^^^^^^^^^^^^^^^^^^^^^^^^^^^^^^^^^^^^^^^^^^^
  File "/home/dharmveer/Downloads/my project/venv/lib/python3.12/site-packages/uvicorn/middleware/proxy_headers.py", line 60, in __call__
    return await self.app(scope, receive, send)
           ^^^^^^^^^^^^^^^^^^^^^^^^^^^^^^^^^^^^
  File "/home/dharmveer/Downloads/my project/venv/lib/python3.12/site-packages/fastapi/applications.py", line 1163, in __call__
    await super().__call__(scope, receive, send)
  File "/home/dharmveer/Downloads/my project/venv/lib/python3.12/site-packages/starlette/applications.py", line 90, in __call__
    await self.middleware_stack(scope, receive, send)
  File "/home/dharmveer/Downloads/my project/venv/lib/python3.12/site-packages/starlette/middleware/errors.py", line 186, in __call__
    raise exc
  File "/home/dharmveer/Downloads/my project/venv/lib/python3.12/site-packages/starlette/middleware/errors.py", line 164, in __call__
    await self.app(scope, receive, _send)
  File "/home/dharmveer/Downloads/my project/venv/lib/python3.12/site-packages/starlette/middleware/exceptions.py", line 63, in __call__
    await wrap_app_handling_exceptions(self.app, conn)(scope, receive, send)
  File "/home/dharmveer/Downloads/my project/venv/lib/python3.12/site-packages/starlette/_exception_handler.py", line 53, in wrapped_app
    raise exc
  File "/home/dharmveer/Downloads/my project/venv/lib/python3.12/site-packages/starlette/_exception_handler.py", line 42, in wrapped_app
    await app(scope, receive, sender)
  File "/home/dharmveer/Downloads/my project/venv/lib/python3.12/site-packages/fastapi/middleware/asyncexitstack.py", line 18, in __call__
    await self.app(scope, receive, send)
  File "/home/dharmveer/Downloads/my project/venv/lib/python3.12/site-packages/starlette/routing.py", line 660, in __call__
    await self.middleware_stack(scope, receive, send)
  File "/home/dharmveer/Downloads/my project/venv/lib/python3.12/site-packages/starlette/routing.py", line 680, in app
    await route.handle(scope, receive, send)
  File "/home/dharmveer/Downloads/my project/venv/lib/python3.12/site-packages/starlette/routing.py", line 276, in handle
    await self.app(scope, receive, send)
  File "/home/dharmveer/Downloads/my project/venv/lib/python3.12/site-packages/fastapi/routing.py", line 134, in app
    await wrap_app_handling_exceptions(app, request)(scope, receive, send)
  File "/home/dharmveer/Downloads/my project/venv/lib/python3.12/site-packages/starlette/_exception_handler.py", line 53, in wrapped_app
    raise exc
  File "/home/dharmveer/Downloads/my project/venv/lib/python3.12/site-packages/starlette/_exception_handler.py", line 42, in wrapped_app
    await app(scope, receive, sender)
  File "/home/dharmveer/Downloads/my project/venv/lib/python3.12/site-packages/fastapi/routing.py", line 120, in app
    response = await f(request)
               ^^^^^^^^^^^^^^^^
  File "/home/dharmveer/Downloads/my project/venv/lib/python3.12/site-packages/fastapi/routing.py", line 674, in app
    raw_response = await run_endpoint_function(
                   ^^^^^^^^^^^^^^^^^^^^^^^^^^^^
  File "/home/dharmveer/Downloads/my project/venv/lib/python3.12/site-packages/fastapi/routing.py", line 328, in run_endpoint_function
    return await dependant.call(**values)
           ^^^^^^^^^^^^^^^^^^^^^^^^^^^^^^
  File "/home/dharmveer/Downloads/my project/venv/lib/python3.12/site-packages/openenv/core/env_server/http_server.py", line 1131, in step
    return await step_handler(request)
           ^^^^^^^^^^^^^^^^^^^^^^^^^^^
  File "/home/dharmveer/Downloads/my project/venv/lib/python3.12/site-packages/openenv/core/env_server/http_server.py", line 635, in step_handler
    observation = await self._run_sync_in_thread_pool(
                  ^^^^^^^^^^^^^^^^^^^^^^^^^^^^^^^^^^^^
  File "/home/dharmveer/Downloads/my project/venv/lib/python3.12/site-packages/openenv/core/env_server/http_server.py", line 271, in _run_sync_in_thread_pool
    return await loop.run_in_executor(self._executor, lambda: func(*args, **kwargs))
           ^^^^^^^^^^^^^^^^^^^^^^^^^^^^^^^^^^^^^^^^^^^^^^^^^^^^^^^^^^^^^^^^^^^^^^^^^
  File "/usr/lib/python3.12/concurrent/futures/thread.py", line 58, in run
    result = self.fn(*self.args, **self.kwargs)
             ^^^^^^^^^^^^^^^^^^^^^^^^^^^^^^^^^^
  File "/home/dharmveer/Downloads/my project/venv/lib/python3.12/site-packages/openenv/core/env_server/http_server.py", line 271, in <lambda>
    return await loop.run_in_executor(self._executor, lambda: func(*args, **kwargs))
                                                              ^^^^^^^^^^^^^^^^^^^^^
  File "/home/dharmveer/Downloads/my project/pandemic_rl/pandemic_environment.py", line 87, in step
    raise RuntimeError("Environment not initialized. Call reset() first.")
RuntimeError: Environment not initialized. Call reset() first.
INFO:     127.0.0.1:47332 - "WebSocket /ws" [accepted]
INFO:     connection open
INFO:     connection closed
INFO:     127.0.0.1:56694 - "WebSocket /ws" [accepted]
INFO:     connection open
INFO:     connection closed
INFO:     127.0.0.1:53442 - "WebSocket /ws" [accepted]
INFO:     connection open
INFO:     connection closed
INFO:     127.0.0.1:59476 - "WebSocket /ws" [accepted]
INFO:     connection open
INFO:     connection closed
ERROR:    Exception in ASGI application
Traceback (most recent call last):
  File "/home/dharmveer/Downloads/my project/venv/lib/python3.12/site-packages/uvicorn/protocols/websockets/websockets_impl.py", line 317, in asgi_send
    await self.send(data)  # type: ignore[arg-type]
    ^^^^^^^^^^^^^^^^^^^^^
  File "/home/dharmveer/Downloads/my project/venv/lib/python3.12/site-packages/websockets/legacy/protocol.py", line 618, in send
    await self.ensure_open()
  File "/home/dharmveer/Downloads/my project/venv/lib/python3.12/site-packages/websockets/legacy/protocol.py", line 925, in ensure_open
    raise self.connection_closed_exc()
websockets.exceptions.ConnectionClosedOK: received 1000 (OK); then sent 1000 (OK)

The above exception was the direct cause of the following exception:

Traceback (most recent call last):
  File "/home/dharmveer/Downloads/my project/venv/lib/python3.12/site-packages/starlette/websockets.py", line 86, in send
    await self._send(message)
  File "/home/dharmveer/Downloads/my project/venv/lib/python3.12/site-packages/starlette/_exception_handler.py", line 39, in sender
    await send(message)
  File "/home/dharmveer/Downloads/my project/venv/lib/python3.12/site-packages/uvicorn/protocols/websockets/websockets_impl.py", line 330, in asgi_send
    raise ClientDisconnected from exc
uvicorn.protocols.utils.ClientDisconnected

During handling of the above exception, another exception occurred:

Traceback (most recent call last):
  File "/home/dharmveer/Downloads/my project/venv/lib/python3.12/site-packages/openenv/core/env_server/http_server.py", line 1434, in websocket_endpoint
    await websocket.send_text(response.model_dump_json())
  File "/home/dharmveer/Downloads/my project/venv/lib/python3.12/site-packages/starlette/websockets.py", line 166, in send_text
    await self.send({"type": "websocket.send", "text": data})
  File "/home/dharmveer/Downloads/my project/venv/lib/python3.12/site-packages/starlette/websockets.py", line 89, in send
    raise WebSocketDisconnect(code=1006)
starlette.websockets.WebSocketDisconnect

During handling of the above exception, another exception occurred:

Traceback (most recent call last):
  File "/home/dharmveer/Downloads/my project/venv/lib/python3.12/site-packages/openenv/core/env_server/http_server.py", line 1452, in websocket_endpoint
    await websocket.send_text(error_resp.model_dump_json())
  File "/home/dharmveer/Downloads/my project/venv/lib/python3.12/site-packages/starlette/websockets.py", line 166, in send_text
    await self.send({"type": "websocket.send", "text": data})
  File "/home/dharmveer/Downloads/my project/venv/lib/python3.12/site-packages/starlette/websockets.py", line 98, in send
    raise RuntimeError('Cannot call "send" once a close message has been sent.')
RuntimeError: Cannot call "send" once a close message has been sent.

During handling of the above exception, another exception occurred:

Traceback (most recent call last):
  File "/home/dharmveer/Downloads/my project/venv/lib/python3.12/site-packages/uvicorn/protocols/websockets/websockets_impl.py", line 239, in run_asgi
    result = await self.app(self.scope, self.asgi_receive, self.asgi_send)  # type: ignore[func-returns-value]
             ^^^^^^^^^^^^^^^^^^^^^^^^^^^^^^^^^^^^^^^^^^^^^^^^^^^^^^^^^^^^^
  File "/home/dharmveer/Downloads/my project/venv/lib/python3.12/site-packages/uvicorn/middleware/proxy_headers.py", line 60, in __call__
    return await self.app(scope, receive, send)
           ^^^^^^^^^^^^^^^^^^^^^^^^^^^^^^^^^^^^
  File "/home/dharmveer/Downloads/my project/venv/lib/python3.12/site-packages/fastapi/applications.py", line 1163, in __call__
    await super().__call__(scope, receive, send)
  File "/home/dharmveer/Downloads/my project/venv/lib/python3.12/site-packages/starlette/applications.py", line 90, in __call__
    await self.middleware_stack(scope, receive, send)
  File "/home/dharmveer/Downloads/my project/venv/lib/python3.12/site-packages/starlette/middleware/errors.py", line 151, in __call__
    await self.app(scope, receive, send)
  File "/home/dharmveer/Downloads/my project/venv/lib/python3.12/site-packages/starlette/middleware/exceptions.py", line 63, in __call__
    await wrap_app_handling_exceptions(self.app, conn)(scope, receive, send)
  File "/home/dharmveer/Downloads/my project/venv/lib/python3.12/site-packages/starlette/_exception_handler.py", line 53, in wrapped_app
    raise exc
  File "/home/dharmveer/Downloads/my project/venv/lib/python3.12/site-packages/starlette/_exception_handler.py", line 42, in wrapped_app
    await app(scope, receive, sender)
  File "/home/dharmveer/Downloads/my project/venv/lib/python3.12/site-packages/fastapi/middleware/asyncexitstack.py", line 18, in __call__
    await self.app(scope, receive, send)
  File "/home/dharmveer/Downloads/my project/venv/lib/python3.12/site-packages/starlette/routing.py", line 660, in __call__
    await self.middleware_stack(scope, receive, send)
  File "/home/dharmveer/Downloads/my project/venv/lib/python3.12/site-packages/starlette/routing.py", line 680, in app
    await route.handle(scope, receive, send)
  File "/home/dharmveer/Downloads/my project/venv/lib/python3.12/site-packages/starlette/routing.py", line 350, in handle
    await self.app(scope, receive, send)
  File "/home/dharmveer/Downloads/my project/venv/lib/python3.12/site-packages/fastapi/routing.py", line 160, in app
    await wrap_app_handling_exceptions(app, session)(scope, receive, send)
  File "/home/dharmveer/Downloads/my project/venv/lib/python3.12/site-packages/starlette/_exception_handler.py", line 53, in wrapped_app
    raise exc
  File "/home/dharmveer/Downloads/my project/venv/lib/python3.12/site-packages/starlette/_exception_handler.py", line 42, in wrapped_app
    await app(scope, receive, sender)
  File "/home/dharmveer/Downloads/my project/venv/lib/python3.12/site-packages/fastapi/routing.py", line 157, in app
    await func(session)
  File "/home/dharmveer/Downloads/my project/venv/lib/python3.12/site-packages/fastapi/routing.py", line 764, in app
    await dependant.call(**solved_result.values)
  File "/home/dharmveer/Downloads/my project/venv/lib/python3.12/site-packages/openenv/core/env_server/http_server.py", line 1479, in websocket_endpoint
    await websocket.send_text(error_resp.model_dump_json())
  File "/home/dharmveer/Downloads/my project/venv/lib/python3.12/site-packages/starlette/websockets.py", line 166, in send_text
    await self.send({"type": "websocket.send", "text": data})
  File "/home/dharmveer/Downloads/my project/venv/lib/python3.12/site-packages/starlette/websockets.py", line 98, in send
    raise RuntimeError('Cannot call "send" once a close message has been sent.')
RuntimeError: Cannot call "send" once a close message has been sent.
INFO:     Shutting down
INFO:     Waiting for application shutdown.
INFO:     Application shutdown complete.
INFO:     Finished server process [19583]
